Arguments: 
  C:\Program Files\nodejs\node.exe C:\Users\bcwl111\AppData\Roaming\npm\node_modules\yarn\bin\yarn.js add vue-router@4

PATH: 
  C:\WINDOWS\system32;C:\WINDOWS;C:\WINDOWS\System32\Wbem;C:\WINDOWS\System32\WindowsPowerShell\v1.0\;C:\WINDOWS\System32\OpenSSH\;C:\Program Files\TortoiseSVN\bin;C:\Program Files\dotnet\;C:\Program Files\TortoiseGit\bin;C:\Program Files\nodejs\;C:\Users\bcwl111\AppData\Local\Programs\Python\Python39;C:\Program Files\Git\cmd;C:\Users\bcwl111\AppData\Local\Microsoft\WindowsApps;;C:\Users\bcwl111\AppData\Local\Programs\Microsoft VS Code\bin;C:\Users\bcwl111\AppData\Roaming\npm

Yarn version: 
  1.22.11

Node version: 
  14.17.3

Platform: 
  win32 x64

Trace: 
  Error: EPERM: operation not permitted, unlink 'C:\Users\bcwl111\Desktop\awsalone\demos\vue3Demo\hello-vue3\node_modules\esbuild\esbuild.exe'

npm manifest: 
  {
    "version": "0.0.0",
    "scripts": {
      "dev": "cross-env NODE_ENV=development vite",
      "build": "vue-tsc --noEmit && vite build",
      "serve": "vite preview"
    },
    "dependencies": {
      "@types/node": "^15.12.0",
      "axios": "^0.21.1",
      "mockjs": "^1.1.0",
      "vue": "^3.0.5",
      "vuex": "4.0.0"
    },
    "devDependencies": {
      "@vitejs/plugin-vue": "^1.2.3",
      "@vue/compiler-sfc": "^3.0.5",
      "cross-env": "^7.0.3",
      "typescript": "^4.1.3",
      "vite": "^2.3.5",
      "vite-plugin-mock": "^2.7.0"
    }
  }

yarn manifest: 
  No manifest

Lockfile: 
  # THIS IS AN AUTOGENERATED FILE. DO NOT EDIT THIS FILE DIRECTLY.
  # yarn lockfile v1
  
  
  "@babel/helper-validator-identifier@^7.14.9":
    version "7.14.9"
    resolved "https://r.cnpmjs.org/@babel/helper-validator-identifier/download/@babel/helper-validator-identifier-7.14.9.tgz#6654d171b2024f6d8ee151bf2509699919131d48"
    integrity sha1-ZlTRcbICT22O4VG/JQlpmRkTHUg=
  
  "@babel/parser@^7.12.0", "@babel/parser@^7.13.9":
    version "7.15.2"
    resolved "https://r.cnpmjs.org/@babel/parser/download/@babel/parser-7.15.2.tgz#08d4ffcf90d211bf77e7cc7154c6f02d468d2b1d"
    integrity sha1-CNT/z5DSEb9358xxVMbwLUaNKx0=
  
  "@babel/types@^7.12.0", "@babel/types@^7.13.0":
    version "7.15.0"
    resolved "https://r.cnpmjs.org/@babel/types/download/@babel/types-7.15.0.tgz#61af11f2286c4e9c69ca8deb5f4375a73c72dcbd"
    integrity sha1-Ya8R8ihsTpxpyo3rX0N1pzxy3L0=
    dependencies:
      "@babel/helper-validator-identifier" "^7.14.9"
      to-fast-properties "^2.0.0"
  
  "@nodelib/fs.scandir@2.1.5":
    version "2.1.5"
    resolved "https://r.cnpmjs.org/@nodelib/fs.scandir/download/@nodelib/fs.scandir-2.1.5.tgz#7619c2eb21b25483f6d167548b4cfd5a7488c3d5"
    integrity sha1-dhnC6yGyVIP20WdUi0z9WnSIw9U=
    dependencies:
      "@nodelib/fs.stat" "2.0.5"
      run-parallel "^1.1.9"
  
  "@nodelib/fs.stat@2.0.5", "@nodelib/fs.stat@^2.0.2":
    version "2.0.5"
    resolved "https://r.cnpmjs.org/@nodelib/fs.stat/download/@nodelib/fs.stat-2.0.5.tgz#5bd262af94e9d25bd1e71b05deed44876a222e8b"
    integrity sha1-W9Jir5Tp0lvR5xsF3u1Eh2oiLos=
  
  "@nodelib/fs.walk@^1.2.3":
    version "1.2.8"
    resolved "https://r.cnpmjs.org/@nodelib/fs.walk/download/@nodelib/fs.walk-1.2.8.tgz#e95737e8bb6746ddedf69c556953494f196fe69a"
    integrity sha1-6Vc36LtnRt3t9pxVaVNJTxlv5po=
    dependencies:
      "@nodelib/fs.scandir" "2.1.5"
      fastq "^1.6.0"
  
  "@rollup/plugin-node-resolve@^13.0.2":
    version "13.0.4"
    resolved "https://r.cnpmjs.org/@rollup/plugin-node-resolve/download/@rollup/plugin-node-resolve-13.0.4.tgz#b10222f4145a019740acb7738402130d848660c0"
    integrity sha1-sQIi9BRaAZdArLdzhAITDYSGYMA=
    dependencies:
      "@rollup/pluginutils" "^3.1.0"
      "@types/resolve" "1.17.1"
      builtin-modules "^3.1.0"
      deepmerge "^4.2.2"
      is-module "^1.0.0"
      resolve "^1.19.0"
  
  "@rollup/pluginutils@^3.1.0":
    version "3.1.0"
    resolved "https://r.cnpmjs.org/@rollup/pluginutils/download/@rollup/pluginutils-3.1.0.tgz#706b4524ee6dc8b103b3c995533e5ad680c02b9b"
    integrity sha1-cGtFJO5tyLEDs8mVUz5a1oDAK5s=
    dependencies:
      "@types/estree" "0.0.39"
      estree-walker "^1.0.1"
      picomatch "^2.2.2"
  
  "@types/estree@0.0.39":
    version "0.0.39"
    resolved "https://r.cnpmjs.org/@types/estree/download/@types/estree-0.0.39.tgz#e177e699ee1b8c22d23174caaa7422644389509f"
    integrity sha1-4Xfmme4bjCLSMXTKqnQiZEOJUJ8=
  
  "@types/estree@^0.0.48":
    version "0.0.48"
    resolved "https://r.cnpmjs.org/@types/estree/download/@types/estree-0.0.48.tgz#18dc8091b285df90db2f25aa7d906cfc394b7f74"
    integrity sha1-GNyAkbKF35DbLyWqfZBs/DlLf3Q=
  
  "@types/mockjs@^1.0.4":
    version "1.0.4"
    resolved "https://r.cnpmjs.org/@types/mockjs/download/@types/mockjs-1.0.4.tgz#e706951d5e33b4f0a4bb73b1f8b124e26f081de0"
    integrity sha1-5waVHV4ztPCku3Ox+LEk4m8IHeA=
  
  "@types/node@*":
    version "16.4.13"
    resolved "https://r.cnpmjs.org/@types/node/download/@types/node-16.4.13.tgz#7dfd9c14661edc65cccd43a29eb454174642370d"
    integrity sha1-ff2cFGYe3GXMzUOinrRUF0ZCNw0=
  
  "@types/node@^15.12.0":
    version "15.14.7"
    resolved "https://r.cnpmjs.org/@types/node/download/@types/node-15.14.7.tgz#29fea9a5b14e2b75c19028e1c7a32edd1e89fe92"
    integrity sha1-Kf6ppbFOK3XBkCjhx6Mu3R6J/pI=
  
  "@types/resolve@1.17.1":
    version "1.17.1"
    resolved "https://r.cnpmjs.org/@types/resolve/download/@types/resolve-1.17.1.tgz#3afd6ad8967c77e4376c598a82ddd58f46ec45d6"
    integrity sha1-Ov1q2JZ8d+Q3bFmKgt3Vj0bsRdY=
    dependencies:
      "@types/node" "*"
  
  "@vitejs/plugin-vue@^1.2.3":
    version "1.4.0"
    resolved "https://r.cnpmjs.org/@vitejs/plugin-vue/download/@vitejs/plugin-vue-1.4.0.tgz#962ae01b7fd16ad4007898c64ed639136e12215b"
    integrity sha1-lirgG3/RatQAeJjGTtY5E24SIVs=
  
  "@vue/compiler-core@3.1.5":
    version "3.1.5"
    resolved "https://r.cnpmjs.org/@vue/compiler-core/download/@vue/compiler-core-3.1.5.tgz#298f905b6065d6d81ff63756f98c60876b393c87"
    integrity sha1-KY+QW2Bl1tgf9jdW+Yxgh2s5PIc=
    dependencies:
      "@babel/parser" "^7.12.0"
      "@babel/types" "^7.12.0"
      "@vue/shared" "3.1.5"
      estree-walker "^2.0.1"
      source-map "^0.6.1"
  
  "@vue/compiler-dom@3.1.5":
    version "3.1.5"
    resolved "https://r.cnpmjs.org/@vue/compiler-dom/download/@vue/compiler-dom-3.1.5.tgz#cbb97020c62a5faa3fbc2a97916bd98041ac9856"
    integrity sha1-y7lwIMYqX6o/vCqXkWvZgEGsmFY=
    dependencies:
      "@vue/compiler-core" "3.1.5"
      "@vue/shared" "3.1.5"
  
  "@vue/compiler-sfc@^3.0.5":
    version "3.1.5"
    resolved "https://r.cnpmjs.org/@vue/compiler-sfc/download/@vue/compiler-sfc-3.1.5.tgz#e61e54f3a963b0f4a8e523fbb8632390dc52b0d6"
    integrity sha1-5h5U86ljsPSo5SP7uGMjkNxSsNY=
    dependencies:
      "@babel/parser" "^7.13.9"
      "@babel/types" "^7.13.0"
      "@types/estree" "^0.0.48"
      "@vue/compiler-core" "3.1.5"
      "@vue/compiler-dom" "3.1.5"
      "@vue/compiler-ssr" "3.1.5"
      "@vue/shared" "3.1.5"
      consolidate "^0.16.0"
      estree-walker "^2.0.1"
      hash-sum "^2.0.0"
      lru-cache "^5.1.1"
      magic-string "^0.25.7"
      merge-source-map "^1.1.0"
      postcss "^8.1.10"
      postcss-modules "^4.0.0"
      postcss-selector-parser "^6.0.4"
      source-map "^0.6.1"
  
  "@vue/compiler-ssr@3.1.5":
    version "3.1.5"
    resolved "https://r.cnpmjs.org/@vue/compiler-ssr/download/@vue/compiler-ssr-3.1.5.tgz#f068652774293256a1e53084bed48a67682df9d2"
    integrity sha1-8GhlJ3QpMlah5TCEvtSKZ2gt+dI=
    dependencies:
      "@vue/compiler-dom" "3.1.5"
      "@vue/shared" "3.1.5"
  
  "@vue/devtools-api@^6.0.0-beta.14":
    version "6.0.0-beta.15"
    resolved "https://r.cnpmjs.org/@vue/devtools-api/download/@vue/devtools-api-6.0.0-beta.15.tgz#ad7cb384e062f165bcf9c83732125bffbc2ad83d"
    integrity sha1-rXyzhOBi8WW8+cg3MhJb/7wq2D0=
  
  "@vue/reactivity@3.1.5":
    version "3.1.5"
    resolved "https://r.cnpmjs.org/@vue/reactivity/download/@vue/reactivity-3.1.5.tgz#dbec4d9557f7c8f25c2635db1e23a78a729eb991"
    integrity sha1-2+xNlVf3yPJcJjXbHiOninKeuZE=
    dependencies:
      "@vue/shared" "3.1.5"
  
  "@vue/runtime-core@3.1.5":
    version "3.1.5"
    resolved "https://r.cnpmjs.org/@vue/runtime-core/download/@vue/runtime-core-3.1.5.tgz#a545b7f146092929cb5e833e85439150f17ac87b"
    integrity sha1-pUW38UYJKSnLXoM+hUORUPF6yHs=
    dependencies:
      "@vue/reactivity" "3.1.5"
      "@vue/shared" "3.1.5"
  
  "@vue/runtime-dom@3.1.5":
    version "3.1.5"
    resolved "https://r.cnpmjs.org/@vue/runtime-dom/download/@vue/runtime-dom-3.1.5.tgz#4fa28947d408aa368fa17ea0edc1beb9af1472a1"
    integrity sha1-T6KJR9QIqjaPoX6g7cG+ua8UcqE=
    dependencies:
      "@vue/runtime-core" "3.1.5"
      "@vue/shared" "3.1.5"
      csstype "^2.6.8"
  
  "@vue/shared@3.1.5":
    version "3.1.5"
    resolved "https://r.cnpmjs.org/@vue/shared/download/@vue/shared-3.1.5.tgz#74ee3aad995d0a3996a6bb9533d4d280514ede03"
    integrity sha1-dO46rZldCjmWpruVM9TSgFFO3gM=
  
  ansi-styles@^4.1.0:
    version "4.3.0"
    resolved "https://r.cnpmjs.org/ansi-styles/download/ansi-styles-4.3.0.tgz#edd803628ae71c04c85ae7a0906edad34b648937"
    integrity sha1-7dgDYornHATIWuegkG7a00tkiTc=
    dependencies:
      color-convert "^2.0.1"
  
  anymatch@~3.1.2:
    version "3.1.2"
    resolved "https://r.cnpmjs.org/anymatch/download/anymatch-3.1.2.tgz#c0557c096af32f106198f4f4e2a383537e378716"
    integrity sha1-wFV8CWrzLxBhmPT04qODU343hxY=
    dependencies:
      normalize-path "^3.0.0"
      picomatch "^2.0.4"
  
  axios@^0.21.1:
    version "0.21.1"
    resolved "https://r.cnpmjs.org/axios/download/axios-0.21.1.tgz#22563481962f4d6bde9a76d516ef0e5d3c09b2b8"
    integrity sha1-IlY0gZYvTWvemnbVFu8OXTwJsrg=
    dependencies:
      follow-redirects "^1.10.0"
  
  big.js@^5.2.2:
    version "5.2.2"
    resolved "https://r.cnpmjs.org/big.js/download/big.js-5.2.2.tgz#65f0af382f578bcdc742bd9c281e9cb2d7768328"
    integrity sha1-ZfCvOC9Xi83HQr2cKB6cstd2gyg=
  
  binary-extensions@^2.0.0:
    version "2.2.0"
    resolved "https://r.cnpmjs.org/binary-extensions/download/binary-extensions-2.2.0.tgz#75f502eeaf9ffde42fc98829645be4ea76bd9e2d"
    integrity sha1-dfUC7q+f/eQvyYgpZFvk6na9ni0=
  
  bluebird@^3.7.2:
    version "3.7.2"
    resolved "https://r.cnpmjs.org/bluebird/download/bluebird-3.7.2.tgz#9f229c15be272454ffa973ace0dbee79a1b0c36f"
    integrity sha1-nyKcFb4nJFT/qXOs4NvueaGww28=
  
  braces@^3.0.1, braces@~3.0.2:
    version "3.0.2"
    resolved "https://r.cnpmjs.org/braces/download/braces-3.0.2.tgz#3454e1a462ee8d599e236df336cd9ea4f8afe107"
    integrity sha1-NFThpGLujVmeI23zNs2epPiv4Qc=
    dependencies:
      fill-range "^7.0.1"
  
  builtin-modules@^3.1.0:
    version "3.2.0"
    resolved "https://r.cnpmjs.org/builtin-modules/download/builtin-modules-3.2.0.tgz#45d5db99e7ee5e6bc4f362e008bf917ab5049887"
    integrity sha1-RdXbmefuXmvE82LgCL+RerUEmIc=
  
  chalk@^4.1.1:
    version "4.1.2"
    resolved "https://r.cnpmjs.org/chalk/download/chalk-4.1.2.tgz#aac4e2b7734a740867aeb16bf02aad556a1e7a01"
    integrity sha1-qsTit3NKdAhnrrFr8CqtVWoeegE=
    dependencies:
      ansi-styles "^4.1.0"
      supports-color "^7.1.0"
  
  chokidar@^3.5.2:
    version "3.5.2"
    resolved "https://r.cnpmjs.org/chokidar/download/chokidar-3.5.2.tgz#dba3976fcadb016f66fd365021d91600d01c1e75"
    integrity sha1-26OXb8rbAW9m/TZQIdkWANAcHnU=
    dependencies:
      anymatch "~3.1.2"
      braces "~3.0.2"
      glob-parent "~5.1.2"
      is-binary-path "~2.1.0"
      is-glob "~4.0.1"
      normalize-path "~3.0.0"
      readdirp "~3.6.0"
    optionalDependencies:
      fsevents "~2.3.2"
  
  color-convert@^2.0.1:
    version "2.0.1"
    resolved "https://r.cnpmjs.org/color-convert/download/color-convert-2.0.1.tgz#72d3a68d598c9bdb3af2ad1e84f21d896abd4de3"
    integrity sha1-ctOmjVmMm9s68q0ehPIdiWq9TeM=
    dependencies:
      color-name "~1.1.4"
  
  color-name@~1.1.4:
    version "1.1.4"
    resolved "https://r.cnpmjs.org/color-name/download/color-name-1.1.4.tgz#c2a09a87acbde69543de6f63fa3995c826c536a2"
    integrity sha1-wqCah6y95pVD3m9j+jmVyCbFNqI=
  
  colorette@^1.2.2:
    version "1.2.2"
    resolved "https://r.cnpmjs.org/colorette/download/colorette-1.2.2.tgz#cbcc79d5e99caea2dbf10eb3a26fd8b3e6acfa94"
    integrity sha1-y8x51emcrqLb8Q6zom/Ys+as+pQ=
  
  commander@*:
    version "8.1.0"
    resolved "https://r.cnpmjs.org/commander/download/commander-8.1.0.tgz#db36e3e66edf24ff591d639862c6ab2c52664362"
    integrity sha1-2zbj5m7fJP9ZHWOYYsarLFJmQ2I=
  
  connect@^3.7.0:
    version "3.7.0"
    resolved "https://r.cnpmjs.org/connect/download/connect-3.7.0.tgz#5d49348910caa5e07a01800b030d0c35f20484f8"
    integrity sha1-XUk0iRDKpeB6AYALAw0MNfIEhPg=
    dependencies:
      debug "2.6.9"
      finalhandler "1.1.2"
      parseurl "~1.3.3"
      utils-merge "1.0.1"
  
  consolidate@^0.16.0:
    version "0.16.0"
    resolved "https://r.cnpmjs.org/consolidate/download/consolidate-0.16.0.tgz#a11864768930f2f19431660a65906668f5fbdc16"
    integrity sha1-oRhkdokw8vGUMWYKZZBmaPX73BY=
    dependencies:
      bluebird "^3.7.2"
  
  cross-env@^7.0.3:
    version "7.0.3"
    resolved "https://r.cnpmjs.org/cross-env/download/cross-env-7.0.3.tgz#865264b29677dc015ba8418918965dd232fc54cf"
    integrity sha1-hlJkspZ33AFbqEGJGJZd0jL8VM8=
    dependencies:
      cross-spawn "^7.0.1"
  
  cross-spawn@^7.0.1:
    version "7.0.3"
    resolved "https://r.cnpmjs.org/cross-spawn/download/cross-spawn-7.0.3.tgz#f73a85b9d5d41d045551c177e2882d4ac85728a6"
    integrity sha1-9zqFudXUHQRVUcF34ogtSshXKKY=
    dependencies:
      path-key "^3.1.0"
      shebang-command "^2.0.0"
      which "^2.0.1"
  
  cssesc@^3.0.0:
    version "3.0.0"
    resolved "https://r.cnpmjs.org/cssesc/download/cssesc-3.0.0.tgz#37741919903b868565e1c09ea747445cd18983ee"
    integrity sha1-N3QZGZA7hoVl4cCep0dEXNGJg+4=
  
  csstype@^2.6.8:
    version "2.6.17"
    resolved "https://r.cnpmjs.org/csstype/download/csstype-2.6.17.tgz#4cf30eb87e1d1a005d8b6510f95292413f6a1c0e"
    integrity sha1-TPMOuH4dGgBdi2UQ+VKSQT9qHA4=
  
  debug@2.6.9:
    version "2.6.9"
    resolved "https://r.cnpmjs.org/debug/download/debug-2.6.9.tgz#5d128515df134ff327e90a4c93f4e077a536341f"
    integrity sha1-XRKFFd8TT/Mn6QpMk/Tgd6U2NB8=
    dependencies:
      ms "2.0.0"
  
  debug@^4.3.2:
    version "4.3.2"
    resolved "https://r.cnpmjs.org/debug/download/debug-4.3.2.tgz#f0a49c18ac8779e31d4a0c6029dfb76873c7428b"
    integrity sha1-8KScGKyHeeMdSgxgKd+3aHPHQos=
    dependencies:
      ms "2.1.2"
  
  deepmerge@^4.2.2:
    version "4.2.2"
    resolved "https://r.cnpmjs.org/deepmerge/download/deepmerge-4.2.2.tgz#44d2ea3679b8f4d4ffba33f03d865fc1e7bf4955"
    integrity sha1-RNLqNnm49NT/ujPwPYZfwee/SVU=
  
  ee-first@1.1.1:
    version "1.1.1"
    resolved "https://r.cnpmjs.org/ee-first/download/ee-first-1.1.1.tgz#590c61156b0ae2f4f0255732a158b266bc56b21d"
    integrity sha1-WQxhFWsK4vTwJVcyoViyZrxWsh0=
  
  emojis-list@^3.0.0:
    version "3.0.0"
    resolved "https://r.cnpmjs.org/emojis-list/download/emojis-list-3.0.0.tgz#5570662046ad29e2e916e71aae260abdff4f6a78"
    integrity sha1-VXBmIEatKeLpFucariYKvf9Pang=
  
  encodeurl@~1.0.2:
    version "1.0.2"
    resolved "https://r.cnpmjs.org/encodeurl/download/encodeurl-1.0.2.tgz#ad3ff4c86ec2d029322f5a02c3a9a606c95b3f59"
    integrity sha1-rT/0yG7C0CkyL1oCw6mmBslbP1k=
  
  esbuild@0.11.3:
    version "0.11.3"
    resolved "https://r.cnpmjs.org/esbuild/download/esbuild-0.11.3.tgz#b57165b907be4ffba651f6450538ce8d8c1d5eb0"
    integrity sha1-tXFluQe+T/umUfZFBTjOjYwdXrA=
  
  esbuild@^0.12.8:
    version "0.12.19"
    resolved "https://r.cnpmjs.org/esbuild/download/esbuild-0.12.19.tgz#ab849766705a5093df5acd8ec2f6ba2159a38a6c"
    integrity sha1-q4SXZnBaUJPfWs2Owva6IVmjimw=
  
  escape-html@~1.0.3:
    version "1.0.3"
    resolved "https://r.cnpmjs.org/escape-html/download/escape-html-1.0.3.tgz#0258eae4d3d0c0974de1c169188ef0051d1d1988"
    integrity sha1-Aljq5NPQwJdN4cFpGI7wBR0dGYg=
  
  estree-walker@^1.0.1:
    version "1.0.1"
    resolved "https://r.cnpmjs.org/estree-walker/download/estree-walker-1.0.1.tgz#31bc5d612c96b704106b477e6dd5d8aa138cb700"
    integrity sha1-MbxdYSyWtwQQa0d+bdXYqhOMtwA=
  
  estree-walker@^2.0.1:
    version "2.0.2"
    resolved "https://r.cnpmjs.org/estree-walker/download/estree-walker-2.0.2.tgz#52f010178c2a4c117a7757cfe942adb7d2da4cac"
    integrity sha1-UvAQF4wqTBF6d1fP6UKtt9LaTKw=
  
  fast-glob@^3.2.7:
    version "3.2.7"
    resolved "https://r.cnpmjs.org/fast-glob/download/fast-glob-3.2.7.tgz#fd6cb7a2d7e9aa7a7846111e85a196d6b2f766a1"
    integrity sha1-/Wy3otfpqnp4RhEehaGW1rL3ZqE=
    dependencies:
      "@nodelib/fs.stat" "^2.0.2"
      "@nodelib/fs.walk" "^1.2.3"
      glob-parent "^5.1.2"
      merge2 "^1.3.0"
      micromatch "^4.0.4"
  
  fastq@^1.6.0:
    version "1.11.1"
    resolved "https://r.cnpmjs.org/fastq/download/fastq-1.11.1.tgz#5d8175aae17db61947f8b162cfc7f63264d22807"
    integrity sha1-XYF1quF9thlH+LFiz8f2MmTSKAc=
    dependencies:
      reusify "^1.0.4"
  
  fill-range@^7.0.1:
    version "7.0.1"
    resolved "https://r.cnpmjs.org/fill-range/download/fill-range-7.0.1.tgz#1919a6a7c75fe38b2c7c77e5198535da9acdda40"
    integrity sha1-GRmmp8df44ssfHflGYU12prN2kA=
    dependencies:
      to-regex-range "^5.0.1"
  
  finalhandler@1.1.2:
    version "1.1.2"
    resolved "https://r.cnpmjs.org/finalhandler/download/finalhandler-1.1.2.tgz#b7e7d000ffd11938d0fdb053506f6ebabe9f587d"
    integrity sha1-t+fQAP/RGTjQ/bBTUG9uur6fWH0=
    dependencies:
      debug "2.6.9"
      encodeurl "~1.0.2"
      escape-html "~1.0.3"
      on-finished "~2.3.0"
      parseurl "~1.3.3"
      statuses "~1.5.0"
      unpipe "~1.0.0"
  
  follow-redirects@^1.10.0:
    version "1.14.1"
    resolved "https://r.cnpmjs.org/follow-redirects/download/follow-redirects-1.14.1.tgz#d9114ded0a1cfdd334e164e6662ad02bfd91ff43"
    integrity sha1-2RFN7Qoc/dM04WTmZirQK/2R/0M=
  
  fsevents@~2.3.2:
    version "2.3.2"
    resolved "https://r.cnpmjs.org/fsevents/download/fsevents-2.3.2.tgz#8a526f78b8fdf4623b709e0b975c52c24c02fd1a"
    integrity sha1-ilJveLj99GI7cJ4Ll1xSwkwC/Ro=
  
  function-bind@^1.1.1:
    version "1.1.1"
    resolved "https://r.cnpmjs.org/function-bind/download/function-bind-1.1.1.tgz#a56899d3ea3c9bab874bb9773b7c5ede92f4895d"
    integrity sha1-pWiZ0+o8m6uHS7l3O3xe3pL0iV0=
  
  generic-names@^2.0.1:
    version "2.0.1"
    resolved "https://r.cnpmjs.org/generic-names/download/generic-names-2.0.1.tgz#f8a378ead2ccaa7a34f0317b05554832ae41b872"
    integrity sha1-+KN46tLMqno08DF7BVVIMq5BuHI=
    dependencies:
      loader-utils "^1.1.0"
  
  glob-parent@^5.1.2, glob-parent@~5.1.2:
    version "5.1.2"
    resolved "https://r.cnpmjs.org/glob-parent/download/glob-parent-5.1.2.tgz#869832c58034fe68a4093c17dc15e8340d8401c4"
    integrity sha1-hpgyxYA0/mikCTwX3BXoNA2EAcQ=
    dependencies:
      is-glob "^4.0.1"
  
  has-flag@^4.0.0:
    version "4.0.0"
    resolved "https://r.cnpmjs.org/has-flag/download/has-flag-4.0.0.tgz#944771fd9c81c81265c4d6941860da06bb59479b"
    integrity sha1-lEdx/ZyByBJlxNaUGGDaBrtZR5s=
  
  has@^1.0.3:
    version "1.0.3"
    resolved "https://r.cnpmjs.org/has/download/has-1.0.3.tgz#722d7cbfc1f6aa8241f16dd814e011e1f41e8796"
    integrity sha1-ci18v8H2qoJB8W3YFOAR4fQeh5Y=
    dependencies:
      function-bind "^1.1.1"
  
  hash-sum@^2.0.0:
    version "2.0.0"
    resolved "https://r.cnpmjs.org/hash-sum/download/hash-sum-2.0.0.tgz#81d01bb5de8ea4a214ad5d6ead1b523460b0b45a"
    integrity sha1-gdAbtd6OpKIUrV1urRtSNGCwtFo=
  
  icss-replace-symbols@^1.1.0:
    version "1.1.0"
    resolved "https://r.cnpmjs.org/icss-replace-symbols/download/icss-replace-symbols-1.1.0.tgz#06ea6f83679a7749e386cfe1fe812ae5db223ded"
    integrity sha1-Bupvg2ead0njhs/h/oEq5dsiPe0=
  
  icss-utils@^5.0.0:
    version "5.1.0"
    resolved "https://r.cnpmjs.org/icss-utils/download/icss-utils-5.1.0.tgz#c6be6858abd013d768e98366ae47e25d5887b1ae"
    integrity sha1-xr5oWKvQE9do6YNmrkfiXViHsa4=
  
  is-binary-path@~2.1.0:
    version "2.1.0"
    resolved "https://r.cnpmjs.org/is-binary-path/download/is-binary-path-2.1.0.tgz#ea1f7f3b80f064236e83470f86c09c254fb45b09"
    integrity sha1-6h9/O4DwZCNug0cPhsCcJU+0Wwk=
    dependencies:
      binary-extensions "^2.0.0"
  
  is-core-module@^2.2.0:
    version "2.5.0"
    resolved "https://r.cnpmjs.org/is-core-module/download/is-core-module-2.5.0.tgz#f754843617c70bfd29b7bd87327400cda5c18491"
    integrity sha1-91SENhfHC/0pt72HMnQAzaXBhJE=
    dependencies:
      has "^1.0.3"
  
  is-extglob@^2.1.1:
    version "2.1.1"
    resolved "https://r.cnpmjs.org/is-extglob/download/is-extglob-2.1.1.tgz#a88c02535791f02ed37c76a1b9ea9773c833f8c2"
    integrity sha1-qIwCU1eR8C7TfHahueqXc8gz+MI=
  
  is-glob@^4.0.1, is-glob@~4.0.1:
    version "4.0.1"
    resolved "https://r.cnpmjs.org/is-glob/download/is-glob-4.0.1.tgz#7567dbe9f2f5e2467bc77ab83c4a29482407a5dc"
    integrity sha1-dWfb6fL14kZ7x3q4PEopSCQHpdw=
    dependencies:
      is-extglob "^2.1.1"
  
  is-module@^1.0.0:
    version "1.0.0"
    resolved "https://r.cnpmjs.org/is-module/download/is-module-1.0.0.tgz#3258fb69f78c14d5b815d664336b4cffb6441591"
    integrity sha1-Mlj7afeMFNW4FdZkM2tM/7ZEFZE=
  
  is-number@^7.0.0:
    version "7.0.0"
    resolved "https://r.cnpmjs.org/is-number/download/is-number-7.0.0.tgz#7535345b896734d5f80c4d06c50955527a14f12b"
    integrity sha1-dTU0W4lnNNX4DE0GxQlVUnoU8Ss=
  
  isexe@^2.0.0:
    version "2.0.0"
    resolved "https://r.cnpmjs.org/isexe/download/isexe-2.0.0.tgz#e8fbf374dc556ff8947a10dcb0572d633f2cfa10"
    integrity sha1-6PvzdNxVb/iUehDcsFctYz8s+hA=
  
  json5@^1.0.1:
    version "1.0.1"
    resolved "https://r.cnpmjs.org/json5/download/json5-1.0.1.tgz#779fb0018604fa854eacbf6252180d83543e3dbe"
    integrity sha1-d5+wAYYE+oVOrL9iUhgNg1Q+Pb4=
    dependencies:
      minimist "^1.2.0"
  
  loader-utils@^1.1.0:
    version "1.4.0"
    resolved "https://r.cnpmjs.org/loader-utils/download/loader-utils-1.4.0.tgz#c579b5e34cb34b1a74edc6c1fb36bfa371d5a613"
    integrity sha1-xXm140yzSxp07cbB+za/o3HVphM=
    dependencies:
      big.js "^5.2.2"
      emojis-list "^3.0.0"
      json5 "^1.0.1"
  
  lodash.camelcase@^4.3.0:
    version "4.3.0"
    resolved "https://r.cnpmjs.org/lodash.camelcase/download/lodash.camelcase-4.3.0.tgz#b28aa6288a2b9fc651035c7711f65ab6190331a6"
    integrity sha1-soqmKIorn8ZRA1x3EfZathkDMaY=
  
  lru-cache@^5.1.1:
    version "5.1.1"
    resolved "https://r.cnpmjs.org/lru-cache/download/lru-cache-5.1.1.tgz#1da27e6710271947695daf6848e847f01d84b920"
    integrity sha1-HaJ+ZxAnGUdpXa9oSOhH8B2EuSA=
    dependencies:
      yallist "^3.0.2"
  
  magic-string@^0.25.7:
    version "0.25.7"
    resolved "https://r.cnpmjs.org/magic-string/download/magic-string-0.25.7.tgz#3f497d6fd34c669c6798dcb821f2ef31f5445051"
    integrity sha1-P0l9b9NMZpxnmNy4IfLvMfVEUFE=
    dependencies:
      sourcemap-codec "^1.4.4"
  
  merge-source-map@^1.1.0:
    version "1.1.0"
    resolved "https://r.cnpmjs.org/merge-source-map/download/merge-source-map-1.1.0.tgz#2fdde7e6020939f70906a68f2d7ae685e4c8c646"
    integrity sha1-L93n5gIJOfcJBqaPLXrmheTIxkY=
    dependencies:
      source-map "^0.6.1"
  
  merge2@^1.3.0:
    version "1.4.1"
    resolved "https://r.cnpmjs.org/merge2/download/merge2-1.4.1.tgz#4368892f885e907455a6fd7dc55c0c9d404990ae"
    integrity sha1-Q2iJL4hekHRVpv19xVwMnUBJkK4=
  
  micromatch@^4.0.4:
    version "4.0.4"
    resolved "https://r.cnpmjs.org/micromatch/download/micromatch-4.0.4.tgz#896d519dfe9db25fce94ceb7a500919bf881ebf9"
    integrity sha1-iW1Rnf6dsl/OlM63pQCRm/iB6/k=
    dependencies:
      braces "^3.0.1"
      picomatch "^2.2.3"
  
  minimist@^1.2.0:
    version "1.2.5"
    resolved "https://r.cnpmjs.org/minimist/download/minimist-1.2.5.tgz#67d66014b66a6a8aaa0c083c5fd58df4e4e97602"
    integrity sha1-Z9ZgFLZqaoqqDAg8X9WN9OTpdgI=
  
  mockjs@^1.1.0:
    version "1.1.0"
    resolved "https://r.cnpmjs.org/mockjs/download/mockjs-1.1.0.tgz#e6a0c378e91906dbaff20911cc0273b3c7d75b06"
    integrity sha1-5qDDeOkZBtuv8gkRzAJzs8fXWwY=
    dependencies:
      commander "*"
  
  ms@2.0.0:
    version "2.0.0"
    resolved "https://r.cnpmjs.org/ms/download/ms-2.0.0.tgz#5608aeadfc00be6c2901df5f9861788de0d597c8"
    integrity sha1-VgiurfwAvmwpAd9fmGF4jeDVl8g=
  
  ms@2.1.2:
    version "2.1.2"
    resolved "https://r.cnpmjs.org/ms/download/ms-2.1.2.tgz#d09d1f357b443f493382a8eb3ccd183872ae6009"
    integrity sha1-0J0fNXtEP0kzgqjrPM0YOHKuYAk=
  
  nanoid@^3.1.23:
    version "3.1.23"
    resolved "https://r.cnpmjs.org/nanoid/download/nanoid-3.1.23.tgz#f744086ce7c2bc47ee0a8472574d5c78e4183a81"
    integrity sha1-90QIbOfCvEfuCoRyV01ceOQYOoE=
  
  normalize-path@^3.0.0, normalize-path@~3.0.0:
    version "3.0.0"
    resolved "https://r.cnpmjs.org/normalize-path/download/normalize-path-3.0.0.tgz#0dcd69ff23a1c9b11fd0978316644a0388216a65"
    integrity sha1-Dc1p/yOhybEf0JeDFmRKA4ghamU=
  
  on-finished@~2.3.0:
    version "2.3.0"
    resolved "https://r.cnpmjs.org/on-finished/download/on-finished-2.3.0.tgz#20f1336481b083cd75337992a16971aa2d906947"
    integrity sha1-IPEzZIGwg811M3mSoWlxqi2QaUc=
    dependencies:
      ee-first "1.1.1"
  
  parseurl@~1.3.3:
    version "1.3.3"
    resolved "https://r.cnpmjs.org/parseurl/download/parseurl-1.3.3.tgz#9da19e7bee8d12dff0513ed5b76957793bc2e8d4"
    integrity sha1-naGee+6NEt/wUT7Vt2lXeTvC6NQ=
  
  path-key@^3.1.0:
    version "3.1.1"
    resolved "https://r.cnpmjs.org/path-key/download/path-key-3.1.1.tgz#581f6ade658cbba65a0d3380de7753295054f375"
    integrity sha1-WB9q3mWMu6ZaDTOA3ndTKVBU83U=
  
  path-parse@^1.0.6:
    version "1.0.7"
    resolved "https://r.cnpmjs.org/path-parse/download/path-parse-1.0.7.tgz#fbc114b60ca42b30d9daf5858e4bd68bbedb6735"
    integrity sha1-+8EUtgykKzDZ2vWFjkvWi77bZzU=
  
  path-to-regexp@^6.2.0:
    version "6.2.0"
    resolved "https://r.cnpmjs.org/path-to-regexp/download/path-to-regexp-6.2.0.tgz#f7b3803336104c346889adece614669230645f38"
    integrity sha1-97OAMzYQTDRoia3s5hRmkjBkXzg=
  
  picomatch@^2.0.4, picomatch@^2.2.1, picomatch@^2.2.2, picomatch@^2.2.3:
    version "2.3.0"
    resolved "https://r.cnpmjs.org/picomatch/download/picomatch-2.3.0.tgz#f1f061de8f6a4bf022892e2d128234fb98302972"
    integrity sha1-8fBh3o9qS/AiiS4tEoI0+5gwKXI=
  
  postcss-modules-extract-imports@^3.0.0:
    version "3.0.0"
    resolved "https://r.cnpmjs.org/postcss-modules-extract-imports/download/postcss-modules-extract-imports-3.0.0.tgz#cda1f047c0ae80c97dbe28c3e76a43b88025741d"
    integrity sha1-zaHwR8CugMl9vijD52pDuIAldB0=
  
  postcss-modules-local-by-default@^4.0.0:
    version "4.0.0"
    resolved "https://r.cnpmjs.org/postcss-modules-local-by-default/download/postcss-modules-local-by-default-4.0.0.tgz#ebbb54fae1598eecfdf691a02b3ff3b390a5a51c"
    integrity sha1-67tU+uFZjuz99pGgKz/zs5ClpRw=
    dependencies:
      icss-utils "^5.0.0"
      postcss-selector-parser "^6.0.2"
      postcss-value-parser "^4.1.0"
  
  postcss-modules-scope@^3.0.0:
    version "3.0.0"
    resolved "https://r.cnpmjs.org/postcss-modules-scope/download/postcss-modules-scope-3.0.0.tgz#9ef3151456d3bbfa120ca44898dfca6f2fa01f06"
    integrity sha1-nvMVFFbTu/oSDKRImN/Kby+gHwY=
    dependencies:
      postcss-selector-parser "^6.0.4"
  
  postcss-modules-values@^4.0.0:
    version "4.0.0"
    resolved "https://r.cnpmjs.org/postcss-modules-values/download/postcss-modules-values-4.0.0.tgz#d7c5e7e68c3bb3c9b27cbf48ca0bb3ffb4602c9c"
    integrity sha1-18Xn5ow7s8myfL9Iyguz/7RgLJw=
    dependencies:
      icss-utils "^5.0.0"
  
  postcss-modules@^4.0.0:
    version "4.2.2"
    resolved "https://r.cnpmjs.org/postcss-modules/download/postcss-modules-4.2.2.tgz#5e7777c5a8964ea176919d90b2e54ef891321ce5"
    integrity sha1-Xnd3xaiWTqF2kZ2QsuVO+JEyHOU=
    dependencies:
      generic-names "^2.0.1"
      icss-replace-symbols "^1.1.0"
      lodash.camelcase "^4.3.0"
      postcss-modules-extract-imports "^3.0.0"
      postcss-modules-local-by-default "^4.0.0"
      postcss-modules-scope "^3.0.0"
      postcss-modules-values "^4.0.0"
      string-hash "^1.1.1"
  
  postcss-selector-parser@^6.0.2, postcss-selector-parser@^6.0.4:
    version "6.0.6"
    resolved "https://r.cnpmjs.org/postcss-selector-parser/download/postcss-selector-parser-6.0.6.tgz#2c5bba8174ac2f6981ab631a42ab0ee54af332ea"
    integrity sha1-LFu6gXSsL2mBq2MaQqsO5UrzMuo=
    dependencies:
      cssesc "^3.0.0"
      util-deprecate "^1.0.2"
  
  postcss-value-parser@^4.1.0:
    version "4.1.0"
    resolved "https://r.cnpmjs.org/postcss-value-parser/download/postcss-value-parser-4.1.0.tgz#443f6a20ced6481a2bda4fa8532a6e55d789a2cb"
    integrity sha1-RD9qIM7WSBor2k+oUypuVdeJoss=
  
  postcss@^8.1.10, postcss@^8.3.6:
    version "8.3.6"
    resolved "https://r.cnpmjs.org/postcss/download/postcss-8.3.6.tgz#2730dd76a97969f37f53b9a6096197be311cc4ea"
    integrity sha1-JzDddql5afN/U7mmCWGXvjEcxOo=
    dependencies:
      colorette "^1.2.2"
      nanoid "^3.1.23"
      source-map-js "^0.6.2"
  
  queue-microtask@^1.2.2:
    version "1.2.3"
    resolved "https://r.cnpmjs.org/queue-microtask/download/queue-microtask-1.2.3.tgz#4929228bbc724dfac43e0efb058caf7b6cfb6243"
    integrity sha1-SSkii7xyTfrEPg77BYyve2z7YkM=
  
  readdirp@~3.6.0:
    version "3.6.0"
    resolved "https://r.cnpmjs.org/readdirp/download/readdirp-3.6.0.tgz#74a370bd857116e245b29cc97340cd431a02a6c7"
    integrity sha1-dKNwvYVxFuJFspzJc0DNQxoCpsc=
    dependencies:
      picomatch "^2.2.1"
  
  resolve@^1.19.0, resolve@^1.20.0:
    version "1.20.0"
    resolved "https://r.cnpmjs.org/resolve/download/resolve-1.20.0.tgz#629a013fb3f70755d6f0b7935cc1c2c5378b1975"
    integrity sha1-YpoBP7P3B1XW8LeTXMHCxTeLGXU=
    dependencies:
      is-core-module "^2.2.0"
      path-parse "^1.0.6"
  
  reusify@^1.0.4:
    version "1.0.4"
    resolved "https://r.cnpmjs.org/reusify/download/reusify-1.0.4.tgz#90da382b1e126efc02146e90845a88db12925d76"
    integrity sha1-kNo4Kx4SbvwCFG6QhFqI2xKSXXY=
  
  rollup@^2.38.5:
    version "2.56.1"
    resolved "https://r.cnpmjs.org/rollup/download/rollup-2.56.1.tgz#f29dbc04a5d532dfa904f76b62395f359506211e"
    integrity sha1-8p28BKXVMt+pBPdrYjlfNZUGIR4=
    optionalDependencies:
      fsevents "~2.3.2"
  
  run-parallel@^1.1.9:
    version "1.2.0"
    resolved "https://r.cnpmjs.org/run-parallel/download/run-parallel-1.2.0.tgz#66d1368da7bdf921eb9d95bd1a9229e7f21a43ee"
    integrity sha1-ZtE2jae9+SHrnZW9GpIp5/IaQ+4=
    dependencies:
      queue-microtask "^1.2.2"
  
  shebang-command@^2.0.0:
    version "2.0.0"
    resolved "https://r.cnpmjs.org/shebang-command/download/shebang-command-2.0.0.tgz#ccd0af4f8835fbdc265b82461aaf0c36663f34ea"
    integrity sha1-zNCvT4g1+9wmW4JGGq8MNmY/NOo=
    dependencies:
      shebang-regex "^3.0.0"
  
  shebang-regex@^3.0.0:
    version "3.0.0"
    resolved "https://r.cnpmjs.org/shebang-regex/download/shebang-regex-3.0.0.tgz#ae16f1644d873ecad843b0307b143362d4c42172"
    integrity sha1-rhbxZE2HPsrYQ7AwexQzYtTEIXI=
  
  source-map-js@^0.6.2:
    version "0.6.2"
    resolved "https://r.cnpmjs.org/source-map-js/download/source-map-js-0.6.2.tgz#0bb5de631b41cfbda6cfba8bd05a80efdfd2385e"
    integrity sha1-C7XeYxtBz72mz7qL0FqA79/SOF4=
  
  source-map@^0.6.1:
    version "0.6.1"
    resolved "https://r.cnpmjs.org/source-map/download/source-map-0.6.1.tgz#74722af32e9614e9c287a8d0bbde48b5e2f1a263"
    integrity sha1-dHIq8y6WFOnCh6jQu95IteLxomM=
  
  sourcemap-codec@^1.4.4:
    version "1.4.8"
    resolved "https://r.cnpmjs.org/sourcemap-codec/download/sourcemap-codec-1.4.8.tgz#ea804bd94857402e6992d05a38ef1ae35a9ab4c4"
    integrity sha1-6oBL2UhXQC5pktBaOO8a41qatMQ=
  
  statuses@~1.5.0:
    version "1.5.0"
    resolved "https://r.cnpmjs.org/statuses/download/statuses-1.5.0.tgz#161c7dac177659fd9811f43771fa99381478628c"
    integrity sha1-Fhx9rBd2Wf2YEfQ3cfqZOBR4Yow=
  
  string-hash@^1.1.1:
    version "1.1.3"
    resolved "https://r.cnpmjs.org/string-hash/download/string-hash-1.1.3.tgz#e8aafc0ac1855b4666929ed7dd1275df5d6c811b"
    integrity sha1-6Kr8CsGFW0Zmkp7X3RJ1311sgRs=
  
  supports-color@^7.1.0:
    version "7.2.0"
    resolved "https://r.cnpmjs.org/supports-color/download/supports-color-7.2.0.tgz#1b7dcdcb32b8138801b3e478ba6a51caa89648da"
    integrity sha1-G33NyzK4E4gBs+R4umpRyqiWSNo=
    dependencies:
      has-flag "^4.0.0"
  
  to-fast-properties@^2.0.0:
    version "2.0.0"
    resolved "https://r.cnpmjs.org/to-fast-properties/download/to-fast-properties-2.0.0.tgz#dc5e698cbd079265bc73e0377681a4e4e83f616e"
    integrity sha1-3F5pjL0HkmW8c+A3doGk5Og/YW4=
  
  to-regex-range@^5.0.1:
    version "5.0.1"
    resolved "https://r.cnpmjs.org/to-regex-range/download/to-regex-range-5.0.1.tgz#1648c44aae7c8d988a326018ed72f5b4dd0392e4"
    integrity sha1-FkjESq58jZiKMmAY7XL1tN0DkuQ=
    dependencies:
      is-number "^7.0.0"
  
  typescript@^4.1.3:
    version "4.3.5"
    resolved "https://r.cnpmjs.org/typescript/download/typescript-4.3.5.tgz#4d1c37cc16e893973c45a06886b7113234f119f4"
    integrity sha1-TRw3zBbok5c8RaBohrcRMjTxGfQ=
  
  unpipe@~1.0.0:
    version "1.0.0"
    resolved "https://r.cnpmjs.org/unpipe/download/unpipe-1.0.0.tgz#b2bf4ee8514aae6165b4817829d21b2ef49904ec"
    integrity sha1-sr9O6FFKrmFltIF4KdIbLvSZBOw=
  
  util-deprecate@^1.0.2:
    version "1.0.2"
    resolved "https://r.cnpmjs.org/util-deprecate/download/util-deprecate-1.0.2.tgz#450d4dc9fa70de732762fbd2d4a28981419a0ccf"
    integrity sha1-RQ1Nyfpw3nMnYvvS1KKJgUGaDM8=
  
  utils-merge@1.0.1:
    version "1.0.1"
    resolved "https://r.cnpmjs.org/utils-merge/download/utils-merge-1.0.1.tgz#9f95710f50a267947b2ccc124741c1028427e713"
    integrity sha1-n5VxD1CiZ5R7LMwSR0HBAoQn5xM=
  
  vite-plugin-mock@^2.7.0:
    version "2.9.4"
    resolved "https://r.cnpmjs.org/vite-plugin-mock/download/vite-plugin-mock-2.9.4.tgz#0d739fc1b2ff3f383f23abe2b906daca2895909d"
    integrity sha1-DXOfwbL/Pzg/I6viuQbayiiVkJ0=
    dependencies:
      "@rollup/plugin-node-resolve" "^13.0.2"
      "@types/mockjs" "^1.0.4"
      chalk "^4.1.1"
      chokidar "^3.5.2"
      connect "^3.7.0"
      debug "^4.3.2"
      esbuild "0.11.3"
      fast-glob "^3.2.7"
      path-to-regexp "^6.2.0"
  
  vite@^2.3.5:
    version "2.4.4"
    resolved "https://r.cnpmjs.org/vite/download/vite-2.4.4.tgz#8c402a07ad45f168f6eb5428bead38f3e4363e47"
    integrity sha1-jEAqB61F8Wj261Qovq048+Q2Pkc=
    dependencies:
      esbuild "^0.12.8"
      postcss "^8.3.6"
      resolve "^1.20.0"
      rollup "^2.38.5"
    optionalDependencies:
      fsevents "~2.3.2"
  
  vue-router@4:
    version "4.0.11"
    resolved "https://r.cnpmjs.org/vue-router/download/vue-router-4.0.11.tgz#cd649a0941c635281763a20965b599643ddc68ed"
    integrity sha1-zWSaCUHGNSgXY6IJZbWZZD3caO0=
    dependencies:
      "@vue/devtools-api" "^6.0.0-beta.14"
  
  vue@^3.0.5:
    version "3.1.5"
    resolved "https://r.cnpmjs.org/vue/download/vue-3.1.5.tgz#12879b11d0685ee4478c8869551799630a52f9fe"
    integrity sha1-EoebEdBoXuRHjIhpVReZYwpS+f4=
    dependencies:
      "@vue/compiler-dom" "3.1.5"
      "@vue/runtime-dom" "3.1.5"
      "@vue/shared" "3.1.5"
  
  vuex@4.0.0:
    version "4.0.0"
    resolved "https://r.cnpmjs.org/vuex/download/vuex-4.0.0.tgz#ac877aa76a9c45368c979471e461b520d38e6cf5"
    integrity sha1-rId6p2qcRTaMl5Rx5GG1INOObPU=
  
  which@^2.0.1:
    version "2.0.2"
    resolved "https://r.cnpmjs.org/which/download/which-2.0.2.tgz#7c6a8dd0a636a0327e10b59c9286eee93f3f51b1"
    integrity sha1-fGqN0KY2oDJ+ELWckobu6T8/UbE=
    dependencies:
      isexe "^2.0.0"
  
  yallist@^3.0.2:
    version "3.1.1"
    resolved "https://r.cnpmjs.org/yallist/download/yallist-3.1.1.tgz#dbb7daf9bfd8bac9ab45ebf602b8cbad0d5d08fd"
    integrity sha1-27fa+b/YusmrRev2ArjLrQ1dCP0=
